<?xml version="1.0" encoding="UTF-8"?>
<testng-results skipped="0" failed="0" ignored="0" total="1" passed="1">
  <reporter-output>
  </reporter-output>
  <suite name="Command line suite" duration-ms="32" started-at="2020-06-10T01:07:59 IST" finished-at="2020-06-10T01:07:59 IST">
    <groups>
    </groups>
    <test name="Command line test" duration-ms="32" started-at="2020-06-10T01:07:59 IST" finished-at="2020-06-10T01:07:59 IST">
      <class name="Maventutor.Maventutorial.AppTest">
        <test-method status="PASS" signature="testApp()[pri:0, instance:testApp(Maventutor.Maventutorial.AppTest)]" name="testApp" duration-ms="2" started-at="2020-06-10T01:07:59 IST" finished-at="2020-06-10T01:07:59 IST">
          <reporter-output>
          </reporter-output>
        </test-method> <!-- testApp -->
      </class> <!-- Maventutor.Maventutorial.AppTest -->
    </test> <!-- Command line test -->
  </suite> <!-- Command line suite -->
</testng-results>
