<?xml version="1.0" encoding="UTF-8"?>
<!-- Generated by org.testng.reporters.JUnitXMLReporter -->
<testsuite hostname="kathayat" ignored="0" name="Command line test" tests="4" failures="0" timestamp="2020-06-10T01:07:58 IST" time="0.229" errors="0">
  <testcase name="dellog" time="0.015" classname="Maventutor.Maventutorial.RestapiTest"/>
  <testcase name="postjira" time="0.0" classname="Maventutor.Maventutorial.RestapiTest"/>
  <testcase name="browserautomation" time="0.001" classname="Maventutor.Maventutorial.Selenium2Test"/>
  <testcase name="uielements" time="0.003" classname="Maventutor.Maventutorial.Selenium2Test"/>
</testsuite> <!-- Command line test -->
