<?xml version="1.0" encoding="UTF-8"?>
<testng-results skipped="0" failed="0" ignored="0" total="2" passed="2">
  <reporter-output>
  </reporter-output>
  <suite name="Maventutor.Maventutorial.Selenium2Test" duration-ms="156" started-at="2020-06-08T23:35:31 IST" finished-at="2020-06-08T23:35:31 IST">
    <groups>
    </groups>
    <test name="Command line test" duration-ms="156" started-at="2020-06-08T23:35:31 IST" finished-at="2020-06-08T23:35:31 IST">
      <class name="Maventutor.Maventutorial.Selenium2Test">
        <test-method status="PASS" signature="browserautomation()[pri:0, instance:Maventutor.Maventutorial.Selenium2Test@523884b2]" name="browserautomation" duration-ms="15" started-at="2020-06-08T23:35:31 IST" finished-at="2020-06-08T23:35:31 IST">
          <reporter-output>
          </reporter-output>
        </test-method> <!-- browserautomation -->
        <test-method status="PASS" signature="uielements()[pri:0, instance:Maventutor.Maventutorial.Selenium2Test@523884b2]" name="uielements" duration-ms="1" started-at="2020-06-08T23:35:31 IST" finished-at="2020-06-08T23:35:31 IST">
          <reporter-output>
          </reporter-output>
        </test-method> <!-- uielements -->
      </class> <!-- Maventutor.Maventutorial.Selenium2Test -->
    </test> <!-- Command line test -->
  </suite> <!-- Maventutor.Maventutorial.Selenium2Test -->
</testng-results>
